{"C:\\Users\\sahuv\\OneDrive\\Desktop\\MASTER-FullStack\\1. FRONTEND\\DEVELOPMENT\\01-NamasteReact\\src\\components\\sum.js": {"path":"C:\\Users\\sahuv\\OneDrive\\Desktop\\MASTER-FullStack\\1. FRONTEND\\DEVELOPMENT\\01-NamasteReact\\src\\components\\sum.js","statementMap":{"0":{"start":{"line":2,"column":4},"end":{"line":2,"column":14}}},"fnMap":{"0":{"name":"sum","decl":{"start":{"line":1,"column":16},"end":{"line":1,"column":19}},"loc":{"start":{"line":1,"column":25},"end":{"line":3,"column":1}},"line":1}},"branchMap":{},"s":{"0":1},"f":{"0":1},"b":{},"_coverageSchema":"1a1c01bbd47fc00a2c39e90264f33305004495a9","hash":"b34fb86065e3e1a65f2d1fb8ed844fa9e7439594"}
}
